\BOOKMARK [0][-]{chapter.1}{Introduction}{}% 1
\BOOKMARK [0][-]{chapter.2}{Background}{}% 2
\BOOKMARK [1][-]{section.2.1}{Cross-platform mobile development tools}{chapter.2}% 3
\BOOKMARK [2][-]{subsection.2.1.1}{The native approach}{section.2.1}% 4
\BOOKMARK [2][-]{subsection.2.1.2}{Our choice}{section.2.1}% 5
\BOOKMARK [1][-]{section.2.2}{Open-source project and code sharing}{chapter.2}% 6
\BOOKMARK [1][-]{section.2.3}{Project Management Methodologies}{chapter.2}% 7
\BOOKMARK [0][-]{chapter.3}{Functionalities of UCLCampus}{}% 8
\BOOKMARK [1][-]{section.3.1}{Choice of functionalities and sections}{chapter.3}% 9
\BOOKMARK [1][-]{section.3.2}{User interface}{chapter.3}% 10
\BOOKMARK [0][-]{chapter.4}{Implementation}{}% 11
\BOOKMARK [1][-]{section.4.1}{Architecture}{chapter.4}% 12
\BOOKMARK [2][-]{subsection.4.1.1}{Folder organisation}{section.4.1}% 13
\BOOKMARK [2][-]{subsection.4.1.2}{Information processing}{section.4.1}% 14
\BOOKMARK [2][-]{subsection.4.1.3}{Front-end and back-end}{section.4.1}% 15
\BOOKMARK [2][-]{subsection.4.1.4}{Factory}{section.4.1}% 16
\BOOKMARK [2][-]{subsection.4.1.5}{State provider}{section.4.1}% 17
\BOOKMARK [1][-]{section.4.2}{Coding standards}{chapter.4}% 18
\BOOKMARK [2][-]{subsection.4.2.1}{Header and footer}{section.4.2}% 19
\BOOKMARK [2][-]{subsection.4.2.2}{Tree hierarchy}{section.4.2}% 20
\BOOKMARK [2][-]{subsection.4.2.3}{Colors}{section.4.2}% 21
\BOOKMARK [1][-]{section.4.3}{Security}{chapter.4}% 22
\BOOKMARK [1][-]{section.4.4}{Information retrieval}{chapter.4}% 23
\BOOKMARK [2][-]{subsection.4.4.1}{Libraries and lecture halls}{section.4.4}% 24
\BOOKMARK [2][-]{subsection.4.4.2}{Events}{section.4.4}% 25
\BOOKMARK [2][-]{subsection.4.4.3}{Schedule}{section.4.4}% 26
\BOOKMARK [2][-]{subsection.4.4.4}{University canteen}{section.4.4}% 27
\BOOKMARK [2][-]{subsection.4.4.5}{Sports}{section.4.4}% 28
\BOOKMARK [0][-]{chapter.5}{The application}{}% 29
\BOOKMARK [1][-]{section.5.1}{The application UCLCampus}{chapter.5}% 30
\BOOKMARK [2][-]{subsection.5.1.1}{The main menu}{section.5.1}% 31
\BOOKMARK [2][-]{subsection.5.1.2}{Header}{section.5.1}% 32
\BOOKMARK [2][-]{subsection.5.1.3}{Footer}{section.5.1}% 33
\BOOKMARK [2][-]{subsection.5.1.4}{The student/campus/tools/city menus}{section.5.1}% 34
\BOOKMARK [2][-]{subsection.5.1.5}{Studies}{section.5.1}% 35
\BOOKMARK [2][-]{subsection.5.1.6}{Campus}{section.5.1}% 36
\BOOKMARK [2][-]{subsection.5.1.7}{City}{section.5.1}% 37
\BOOKMARK [2][-]{subsection.5.1.8}{Tools}{section.5.1}% 38
\BOOKMARK [2][-]{subsection.5.1.9}{Others}{section.5.1}% 39
\BOOKMARK [1][-]{section.5.2}{Modularity and how to add a new functionality}{chapter.5}% 40
\BOOKMARK [1][-]{section.5.3}{Future functionalities and possible improvements}{chapter.5}% 41
\BOOKMARK [0][-]{chapter.6}{Analysis}{}% 42
\BOOKMARK [1][-]{section.6.1}{Ionic framework}{chapter.6}% 43
\BOOKMARK [1][-]{section.6.2}{GitHub}{chapter.6}% 44
\BOOKMARK [1][-]{section.6.3}{Project Management}{chapter.6}% 45
\BOOKMARK [0][-]{chapter.7}{Conclusion}{}% 46
\BOOKMARK [0][-]{chapter.8}{Bibliography}{}% 47
